<?xml version="1.0" encoding="UTF-8"?>
<!-- Generated by org.testng.reporters.JUnitReportReporter -->
<testsuite hostname="DESKTOP-0U7543P" failures="0" tests="1" name="com.mvntestpractice.Mvn2test" time="0.004" errors="0" timestamp="2024-01-24T12:04:52 IST" skipped="0">
  <testcase classname="com.mvntestpractice.Mvn2test" name="demo3Test" time="0.004"/>
  <system-out/>
</testsuite> <!-- com.mvntestpractice.Mvn2test -->
