<?xml version="1.0" encoding="UTF-8"?>
<!-- Generated by org.testng.reporters.JUnitReportReporter -->
<testsuite hostname="DESKTOP-0U7543P" failures="0" tests="2" name="com.mvntestpractice.mvn1test" time="0.024" errors="0" timestamp="2024-01-24T12:04:52 IST" skipped="0">
  <testcase classname="com.mvntestpractice.mvn1test" name="demo2Test" time="0.004"/>
  <system-out/>
  <testcase classname="com.mvntestpractice.mvn1test" name="demo1Test" time="0.020"/>
  <system-out/>
</testsuite> <!-- com.mvntestpractice.mvn1test -->
